2024-11-15 02:05:30,059 - INFO - Attempting to load data from Challenge2_data.json
2024-11-15 02:05:30,061 - INFO - Data loaded successfully from JSON file.
2024-11-15 02:05:30,061 - INFO - Starting data transformation.
2024-11-15 02:05:30,061 - INFO - Data transformation completed successfully.
2024-11-15 02:05:30,062 - INFO - Row 1 = ['14.5413912376', '-16.3390650576', '0.0036759670']
2024-11-15 02:05:30,062 - INFO - Row 2 = ['16.7561287862', '-18.1777298852', '0.0226042406']
2024-11-15 02:05:30,062 - INFO - Row 3 = ['15.8296048907', '-16.6961450009', '0.0080378530']
2024-11-15 02:05:30,063 - INFO - Row 4 = ['16.2945748100', '-19.5122652012', '0.0363517153']
2024-11-15 02:05:30,065 - INFO - Row 5 = ['13.8290938934', '-19.6657561283', '0.0103945229']
2024-11-15 02:05:30,065 - INFO - Row 6 = ['14.1825687224', '-21.2492304309', '0.0335866187']
2024-11-15 02:05:30,065 - INFO - Row 7 = ['16.0390773459', '-17.7780626219', '0.0144476343']
2024-11-15 02:05:30,065 - INFO - Row 8 = ['17.1388680117', '-17.6563389499', '0.0178379962']
2024-11-15 02:05:30,066 - INFO - Row 9 = ['15.9982508033', '-19.3976554269', '0.0304852812']
2024-11-15 02:05:30,066 - INFO - Row 10 = ['17.9104868679', '-16.9319278749', '0.0253382586']
2024-11-15 02:05:30,066 - INFO - Row 11 = ['15.0746697230', '-20.9186157118', '0.0301412985']
2024-11-15 02:05:30,066 - INFO - Row 12 = ['15.1640395886', '-18.8668602813', '0.0178379962']
2024-11-15 02:05:30,067 - INFO - Row 13 = ['12.4846391875', '-23.3222008237', '0.0325517382']
2024-11-15 02:05:30,067 - INFO - Row 14 = ['15.6016586003', '-18.3249905748', '0.0110688884']
2024-11-15 02:05:30,067 - INFO - Row 15 = ['13.7536176624', '-21.3105684611', '0.0171589890']
2024-11-15 02:05:30,067 - INFO - Row 16 = ['14.5045308613', '-18.8092582971', '0.0120812994']
2024-11-15 02:05:30,068 - INFO - Row 17 = ['14.1470299113', '-18.5103646739', '0.0060222966']
2024-11-15 02:05:30,068 - INFO - Row 18 = ['16.0448471333', '-20.2910115087', '0.0322070232']
2024-11-15 02:05:30,068 - INFO - Row 19 = ['15.1921410497', '-16.3130089286', '0.0040108185']
2024-11-15 02:05:30,069 - INFO - Row 1 after multiplying column 3: ['14.5413912376', '-16.3390650576', '1102027.1746127128']
2024-11-15 02:05:30,069 - INFO - Row 2 after multiplying column 3: ['16.7561287862', '-18.1777298852', '6776580.8379415674']
2024-11-15 02:05:30,069 - INFO - Row 3 after multiplying column 3: ['15.8296048907', '-16.6961450009', '2409687.7140428680']
2024-11-15 02:05:30,069 - INFO - Row 4 after multiplying column 3: ['16.2945748100', '-19.5122652012', '10897970.0950733870']
2024-11-15 02:05:30,069 - INFO - Row 5 after multiplying column 3: ['13.8290938934', '-19.6657561283', '3116199.5739937471']
2024-11-15 02:05:30,070 - INFO - Row 6 after multiplying column 3: ['14.1825687224', '-21.2492304309', '10069014.9845212214']
2024-11-15 02:05:30,070 - INFO - Row 7 after multiplying column 3: ['16.0390773459', '-17.7780626219', '4331291.8107222533']
2024-11-15 02:05:30,070 - INFO - Row 8 after multiplying column 3: ['17.1388680117', '-17.6563389499', '5347696.7399742622']
2024-11-15 02:05:30,070 - INFO - Row 9 after multiplying column 3: ['15.9982508033', '-19.3976554269', '9139257.3758895658']
2024-11-15 02:05:30,070 - INFO - Row 10 after multiplying column 3: ['17.9104868679', '-16.9319278749', '7596218.8154892698']
2024-11-15 02:05:30,070 - INFO - Row 11 after multiplying column 3: ['15.0746697230', '-20.9186157118', '9036133.9794053268']
2024-11-15 02:05:30,070 - INFO - Row 12 after multiplying column 3: ['15.1640395886', '-18.8668602813', '5347696.7399742622']
2024-11-15 02:05:30,070 - INFO - Row 13 after multiplying column 3: ['12.4846391875', '-23.3222008237', '9758765.6016329359']
2024-11-15 02:05:30,071 - INFO - Row 14 after multiplying column 3: ['15.6016586003', '-18.3249905748', '3318369.2582983933']
2024-11-15 02:05:30,071 - INFO - Row 15 after multiplying column 3: ['13.7536176624', '-21.3105684611', '5144135.4868092267']
2024-11-15 02:05:30,071 - INFO - Row 16 after multiplying column 3: ['14.5045308613', '-18.8092582971', '3621882.4454384656']
2024-11-15 02:05:30,071 - INFO - Row 17 after multiplying column 3: ['14.1470299113', '-18.5103646739', '1805439.0967695995']
2024-11-15 02:05:30,071 - INFO - Row 18 after multiplying column 3: ['16.0448471333', '-20.2910115087', '9655422.6367340200']
2024-11-15 02:05:30,071 - INFO - Row 19 after multiplying column 3: ['15.1921410497', '-16.3130089286', '1202413.1444111264']
