2024-11-13 22:30:47,710 - INFO - Attempting to load data from Challenge2_data.json
2024-11-13 22:30:47,713 - INFO - Data loaded successfully from JSON file.
2024-11-13 22:30:47,713 - INFO - Starting data transformation.
2024-11-13 22:30:47,713 - INFO - Data transformation completed successfully.
2024-11-13 22:30:47,714 - INFO - Row 1 = [14.541391237647325, -16.339065057631082, 0.0036759669738346545]
2024-11-13 22:30:47,714 - INFO - Row 2 = [16.756128786151876, -18.177729885179346, 0.02260424055745114]
2024-11-13 22:30:47,714 - INFO - Row 3 = [15.829604890719585, -16.696145000879945, 0.008037853020448127]
2024-11-13 22:30:47,715 - INFO - Row 4 = [16.29457480995023, -19.512265201224647, 0.036351715342596735]
2024-11-13 22:30:47,715 - INFO - Row 5 = [13.829093893418786, -19.665756128261307, 0.01039452291356091]
2024-11-13 22:30:47,715 - INFO - Row 6 = [14.182568722430029, -21.24923043094372, 0.03358661872848456]
2024-11-13 22:30:47,717 - INFO - Row 7 = [16.03907734592769, -17.778062621886992, 0.014447634338827342]
2024-11-13 22:30:47,717 - INFO - Row 8 = [17.138868011663146, -17.656338949942327, 0.017837996244636223]
2024-11-13 22:30:47,718 - INFO - Row 9 = [15.998250803312972, -19.397655426925155, 0.030485281173716405]
2024-11-13 22:30:47,719 - INFO - Row 10 = [17.910486867901746, -16.93192787486793, 0.025338258561158566]
2024-11-13 22:30:47,719 - INFO - Row 11 = [15.074669722972802, -20.918615711799312, 0.030141298549296147]
2024-11-13 22:30:47,719 - INFO - Row 12 = [15.164039588647865, -18.86686028127157, 0.017837996244636223]
2024-11-13 22:30:47,720 - INFO - Row 13 = [12.484639187522449, -23.32220082365243, 0.0325517381815954]
2024-11-13 22:30:47,720 - INFO - Row 14 = [15.60165860026537, -18.32499057478847, 0.011068888391776666]
2024-11-13 22:30:47,720 - INFO - Row 15 = [13.753617662388354, -21.310568461137503, 0.01715898899234225]
2024-11-13 22:30:47,721 - INFO - Row 16 = [14.50453086130131, -18.80925829710656, 0.01208129940826752]
2024-11-13 22:30:47,721 - INFO - Row 17 = [14.147029911292748, -18.51036467391853, 0.006022296587493203]
2024-11-13 22:30:47,722 - INFO - Row 18 = [16.04484713334022, -20.29101150867485, 0.03220702315577939]
2024-11-13 22:30:47,722 - INFO - Row 19 = [15.192141049675008, -16.313008928644898, 0.004010818525698623]
2024-11-13 22:30:51,969 - ERROR - Input 'data' is None
2024-11-13 22:32:57,907 - INFO - Attempting to load data from Challenge2_data.json
2024-11-13 22:32:57,909 - INFO - Data loaded successfully from JSON file.
2024-11-13 22:32:57,909 - INFO - Starting data transformation.
2024-11-13 22:32:57,910 - INFO - Data transformation completed successfully.
2024-11-13 22:32:57,910 - INFO - Row 1 = [14.541391237647325, -16.339065057631082, 0.0036759669738346545]
2024-11-13 22:32:57,910 - INFO - Row 2 = [16.756128786151876, -18.177729885179346, 0.02260424055745114]
2024-11-13 22:32:57,910 - INFO - Row 3 = [15.829604890719585, -16.696145000879945, 0.008037853020448127]
2024-11-13 22:32:57,911 - INFO - Row 4 = [16.29457480995023, -19.512265201224647, 0.036351715342596735]
2024-11-13 22:32:57,911 - INFO - Row 5 = [13.829093893418786, -19.665756128261307, 0.01039452291356091]
2024-11-13 22:32:57,911 - INFO - Row 6 = [14.182568722430029, -21.24923043094372, 0.03358661872848456]
2024-11-13 22:32:57,911 - INFO - Row 7 = [16.03907734592769, -17.778062621886992, 0.014447634338827342]
2024-11-13 22:32:57,912 - INFO - Row 8 = [17.138868011663146, -17.656338949942327, 0.017837996244636223]
2024-11-13 22:32:57,912 - INFO - Row 9 = [15.998250803312972, -19.397655426925155, 0.030485281173716405]
2024-11-13 22:32:57,912 - INFO - Row 10 = [17.910486867901746, -16.93192787486793, 0.025338258561158566]
2024-11-13 22:32:57,912 - INFO - Row 11 = [15.074669722972802, -20.918615711799312, 0.030141298549296147]
2024-11-13 22:32:57,913 - INFO - Row 12 = [15.164039588647865, -18.86686028127157, 0.017837996244636223]
2024-11-13 22:32:57,914 - INFO - Row 13 = [12.484639187522449, -23.32220082365243, 0.0325517381815954]
2024-11-13 22:32:57,914 - INFO - Row 14 = [15.60165860026537, -18.32499057478847, 0.011068888391776666]
2024-11-13 22:32:57,914 - INFO - Row 15 = [13.753617662388354, -21.310568461137503, 0.01715898899234225]
2024-11-13 22:32:57,915 - INFO - Row 16 = [14.50453086130131, -18.80925829710656, 0.01208129940826752]
2024-11-13 22:32:57,916 - INFO - Row 17 = [14.147029911292748, -18.51036467391853, 0.006022296587493203]
2024-11-13 22:32:57,916 - INFO - Row 18 = [16.04484713334022, -20.29101150867485, 0.03220702315577939]
2024-11-13 22:32:57,917 - INFO - Row 19 = [15.192141049675008, -16.313008928644898, 0.004010818525698623]
2024-11-13 22:33:08,481 - INFO - Row 3 after multiplication: [4745596159.357646, -5005378348.9382105, 2409687.714042868]
2024-11-13 22:35:06,139 - INFO - Attempting to load data from Challenge2_data.json
2024-11-13 22:35:06,142 - INFO - Data loaded successfully from JSON file.
2024-11-13 22:35:06,142 - INFO - Starting data transformation.
2024-11-13 22:35:06,142 - INFO - Data transformation completed successfully.
2024-11-13 22:35:06,143 - INFO - Row 1 = [14.541391237647325, -16.339065057631082, 0.0036759669738346545]
2024-11-13 22:35:06,143 - INFO - Row 2 = [16.756128786151876, -18.177729885179346, 0.02260424055745114]
2024-11-13 22:35:06,143 - INFO - Row 3 = [15.829604890719585, -16.696145000879945, 0.008037853020448127]
2024-11-13 22:35:06,144 - INFO - Row 4 = [16.29457480995023, -19.512265201224647, 0.036351715342596735]
2024-11-13 22:35:06,144 - INFO - Row 5 = [13.829093893418786, -19.665756128261307, 0.01039452291356091]
2024-11-13 22:35:06,144 - INFO - Row 6 = [14.182568722430029, -21.24923043094372, 0.03358661872848456]
2024-11-13 22:35:06,144 - INFO - Row 7 = [16.03907734592769, -17.778062621886992, 0.014447634338827342]
2024-11-13 22:35:06,145 - INFO - Row 8 = [17.138868011663146, -17.656338949942327, 0.017837996244636223]
2024-11-13 22:35:06,145 - INFO - Row 9 = [15.998250803312972, -19.397655426925155, 0.030485281173716405]
2024-11-13 22:35:06,145 - INFO - Row 10 = [17.910486867901746, -16.93192787486793, 0.025338258561158566]
2024-11-13 22:35:06,146 - INFO - Row 11 = [15.074669722972802, -20.918615711799312, 0.030141298549296147]
2024-11-13 22:35:06,146 - INFO - Row 12 = [15.164039588647865, -18.86686028127157, 0.017837996244636223]
2024-11-13 22:35:06,146 - INFO - Row 13 = [12.484639187522449, -23.32220082365243, 0.0325517381815954]
2024-11-13 22:35:06,146 - INFO - Row 14 = [15.60165860026537, -18.32499057478847, 0.011068888391776666]
2024-11-13 22:35:06,146 - INFO - Row 15 = [13.753617662388354, -21.310568461137503, 0.01715898899234225]
2024-11-13 22:35:06,146 - INFO - Row 16 = [14.50453086130131, -18.80925829710656, 0.01208129940826752]
2024-11-13 22:35:06,146 - INFO - Row 17 = [14.147029911292748, -18.51036467391853, 0.006022296587493203]
2024-11-13 22:35:06,146 - INFO - Row 18 = [16.04484713334022, -20.29101150867485, 0.03220702315577939]
2024-11-13 22:35:06,147 - INFO - Row 19 = [15.192141049675008, -16.313008928644898, 0.004010818525698623]
2024-11-13 22:35:07,268 - INFO - Row 1 after multiplying column 3: [14.541391237647325, -16.339065057631082, 1102027.1746127128]
2024-11-13 22:35:07,269 - INFO - Row 2 after multiplying column 3: [16.756128786151876, -18.177729885179346, 6776580.837941567]
2024-11-13 22:35:07,270 - INFO - Row 3 after multiplying column 3: [15.829604890719585, -16.696145000879945, 2409687.714042868]
2024-11-13 22:35:07,271 - INFO - Row 4 after multiplying column 3: [16.29457480995023, -19.512265201224647, 10897970.095073387]
2024-11-13 22:35:07,272 - INFO - Row 5 after multiplying column 3: [13.829093893418786, -19.665756128261307, 3116199.573993747]
2024-11-13 22:35:07,273 - INFO - Row 6 after multiplying column 3: [14.182568722430029, -21.24923043094372, 10069014.984521221]
2024-11-13 22:35:07,274 - INFO - Row 7 after multiplying column 3: [16.03907734592769, -17.778062621886992, 4331291.810722253]
2024-11-13 22:35:07,274 - INFO - Row 8 after multiplying column 3: [17.138868011663146, -17.656338949942327, 5347696.739974262]
2024-11-13 22:35:07,275 - INFO - Row 9 after multiplying column 3: [15.998250803312972, -19.397655426925155, 9139257.375889566]
2024-11-13 22:35:07,275 - INFO - Row 10 after multiplying column 3: [17.910486867901746, -16.93192787486793, 7596218.81548927]
2024-11-13 22:35:07,276 - INFO - Row 11 after multiplying column 3: [15.074669722972802, -20.918615711799312, 9036133.979405327]
2024-11-13 22:35:07,276 - INFO - Row 12 after multiplying column 3: [15.164039588647865, -18.86686028127157, 5347696.739974262]
2024-11-13 22:35:07,277 - INFO - Row 13 after multiplying column 3: [12.484639187522449, -23.32220082365243, 9758765.601632936]
2024-11-13 22:35:07,277 - INFO - Row 14 after multiplying column 3: [15.60165860026537, -18.32499057478847, 3318369.2582983933]
2024-11-13 22:35:07,278 - INFO - Row 15 after multiplying column 3: [13.753617662388354, -21.310568461137503, 5144135.486809227]
2024-11-13 22:35:07,278 - INFO - Row 16 after multiplying column 3: [14.50453086130131, -18.80925829710656, 3621882.4454384656]
2024-11-13 22:35:07,279 - INFO - Row 17 after multiplying column 3: [14.147029911292748, -18.51036467391853, 1805439.0967695995]
2024-11-13 22:35:07,279 - INFO - Row 18 after multiplying column 3: [16.04484713334022, -20.29101150867485, 9655422.63673402]
2024-11-13 22:35:07,280 - INFO - Row 19 after multiplying column 3: [15.192141049675008, -16.313008928644898, 1202413.1444111264]
2024-11-15 02:00:23,832 - INFO - Attempting to load data from Challenge2_data.json
2024-11-15 02:00:23,847 - INFO - Data loaded successfully from JSON file.
2024-11-15 02:00:25,442 - INFO - Starting data transformation.
2024-11-15 02:00:25,442 - INFO - Data transformation completed successfully.
2024-11-15 02:00:27,227 - INFO - Row 1 = [14.541391237647325, -16.339065057631082, 0.0036759669738346545]
2024-11-15 02:00:28,220 - INFO - Row 2 = [16.756128786151876, -18.177729885179346, 0.02260424055745114]
2024-11-15 02:00:28,867 - INFO - Row 3 = [15.829604890719585, -16.696145000879945, 0.008037853020448127]
2024-11-15 02:00:29,170 - INFO - Row 4 = [16.29457480995023, -19.512265201224647, 0.036351715342596735]
2024-11-15 02:00:29,422 - INFO - Row 5 = [13.829093893418786, -19.665756128261307, 0.01039452291356091]
2024-11-15 02:00:29,663 - INFO - Row 6 = [14.182568722430029, -21.24923043094372, 0.03358661872848456]
2024-11-15 02:00:29,887 - INFO - Row 7 = [16.03907734592769, -17.778062621886992, 0.014447634338827342]
2024-11-15 02:00:30,117 - INFO - Row 8 = [17.138868011663146, -17.656338949942327, 0.017837996244636223]
2024-11-15 02:00:30,291 - INFO - Row 9 = [15.998250803312972, -19.397655426925155, 0.030485281173716405]
2024-11-15 02:00:30,495 - INFO - Row 10 = [17.910486867901746, -16.93192787486793, 0.025338258561158566]
2024-11-15 02:00:30,691 - INFO - Row 11 = [15.074669722972802, -20.918615711799312, 0.030141298549296147]
2024-11-15 02:00:31,161 - INFO - Row 12 = [15.164039588647865, -18.86686028127157, 0.017837996244636223]
2024-11-15 02:00:31,634 - INFO - Row 13 = [12.484639187522449, -23.32220082365243, 0.0325517381815954]
2024-11-15 02:00:32,025 - INFO - Row 14 = [15.60165860026537, -18.32499057478847, 0.011068888391776666]
2024-11-15 02:00:32,228 - INFO - Row 15 = [13.753617662388354, -21.310568461137503, 0.01715898899234225]
2024-11-15 02:00:32,414 - INFO - Row 16 = [14.50453086130131, -18.80925829710656, 0.01208129940826752]
2024-11-15 02:00:32,624 - INFO - Row 17 = [14.147029911292748, -18.51036467391853, 0.006022296587493203]
2024-11-15 02:00:32,997 - INFO - Row 18 = [16.04484713334022, -20.29101150867485, 0.03220702315577939]
2024-11-15 02:00:33,338 - INFO - Row 19 = [15.192141049675008, -16.313008928644898, 0.004010818525698623]
2024-11-15 02:00:38,606 - INFO - Row 1 after multiplying column 3: [14.541391237647325, -16.339065057631082, 1102027.1746127128]
2024-11-15 02:00:38,606 - INFO - Row 2 after multiplying column 3: [16.756128786151876, -18.177729885179346, 6776580.837941567]
2024-11-15 02:00:38,607 - INFO - Row 3 after multiplying column 3: [15.829604890719585, -16.696145000879945, 2409687.714042868]
2024-11-15 02:00:38,607 - INFO - Row 4 after multiplying column 3: [16.29457480995023, -19.512265201224647, 10897970.095073387]
2024-11-15 02:00:38,608 - INFO - Row 5 after multiplying column 3: [13.829093893418786, -19.665756128261307, 3116199.573993747]
2024-11-15 02:00:38,608 - INFO - Row 6 after multiplying column 3: [14.182568722430029, -21.24923043094372, 10069014.984521221]
2024-11-15 02:00:38,608 - INFO - Row 7 after multiplying column 3: [16.03907734592769, -17.778062621886992, 4331291.810722253]
2024-11-15 02:00:38,609 - INFO - Row 8 after multiplying column 3: [17.138868011663146, -17.656338949942327, 5347696.739974262]
2024-11-15 02:00:38,609 - INFO - Row 9 after multiplying column 3: [15.998250803312972, -19.397655426925155, 9139257.375889566]
2024-11-15 02:00:38,610 - INFO - Row 10 after multiplying column 3: [17.910486867901746, -16.93192787486793, 7596218.81548927]
2024-11-15 02:00:38,610 - INFO - Row 11 after multiplying column 3: [15.074669722972802, -20.918615711799312, 9036133.979405327]
2024-11-15 02:00:38,611 - INFO - Row 12 after multiplying column 3: [15.164039588647865, -18.86686028127157, 5347696.739974262]
2024-11-15 02:00:38,611 - INFO - Row 13 after multiplying column 3: [12.484639187522449, -23.32220082365243, 9758765.601632936]
2024-11-15 02:00:38,611 - INFO - Row 14 after multiplying column 3: [15.60165860026537, -18.32499057478847, 3318369.2582983933]
2024-11-15 02:00:38,612 - INFO - Row 15 after multiplying column 3: [13.753617662388354, -21.310568461137503, 5144135.486809227]
2024-11-15 02:00:38,612 - INFO - Row 16 after multiplying column 3: [14.50453086130131, -18.80925829710656, 3621882.4454384656]
2024-11-15 02:00:38,613 - INFO - Row 17 after multiplying column 3: [14.147029911292748, -18.51036467391853, 1805439.0967695995]
2024-11-15 02:00:38,613 - INFO - Row 18 after multiplying column 3: [16.04484713334022, -20.29101150867485, 9655422.63673402]
2024-11-15 02:00:38,613 - INFO - Row 19 after multiplying column 3: [15.192141049675008, -16.313008928644898, 1202413.1444111264]
2024-11-15 02:02:37,301 - INFO - Attempting to load data from Challenge2_data.json
2024-11-15 02:02:37,306 - INFO - Data loaded successfully from JSON file.
2024-11-15 02:02:37,865 - INFO - Starting data transformation.
2024-11-15 02:02:37,865 - INFO - Data transformation completed successfully.
2024-11-15 02:02:38,633 - INFO - Row 1 = [ 1.45413912e+01 -1.63390651e+01  3.67596697e-03]
2024-11-15 02:02:39,122 - INFO - Row 2 = [ 16.75612879 -18.17772989   0.02260424]
2024-11-15 02:02:39,384 - INFO - Row 3 = [ 1.58296049e+01 -1.66961450e+01  8.03785302e-03]
2024-11-15 02:02:39,697 - INFO - Row 4 = [ 16.29457481 -19.5122652    0.03635172]
2024-11-15 02:02:39,875 - INFO - Row 5 = [ 1.38290939e+01 -1.96657561e+01  1.03945229e-02]
2024-11-15 02:02:40,123 - INFO - Row 6 = [ 14.18256872 -21.24923043   0.03358662]
2024-11-15 02:02:40,580 - INFO - Row 7 = [ 1.60390773e+01 -1.77780626e+01  1.44476343e-02]
2024-11-15 02:02:40,958 - INFO - Row 8 = [ 17.13886801 -17.65633895   0.017838  ]
2024-11-15 02:02:41,527 - INFO - Row 9 = [ 15.9982508  -19.39765543   0.03048528]
2024-11-15 02:02:41,692 - INFO - Row 10 = [ 17.91048687 -16.93192787   0.02533826]
2024-11-15 02:02:41,818 - INFO - Row 11 = [ 15.07466972 -20.91861571   0.0301413 ]
2024-11-15 02:02:42,377 - INFO - Row 12 = [ 1.51640396e+01 -1.88668603e+01  1.78379962e-02]
2024-11-15 02:02:42,718 - INFO - Row 13 = [ 12.48463919 -23.32220082   0.03255174]
2024-11-15 02:02:42,828 - INFO - Row 14 = [ 1.56016586e+01 -1.83249906e+01  1.10688884e-02]
2024-11-15 02:02:43,103 - INFO - Row 15 = [ 1.37536177e+01 -2.13105685e+01  1.71589890e-02]
2024-11-15 02:02:43,291 - INFO - Row 16 = [ 1.45045309e+01 -1.88092583e+01  1.20812994e-02]
2024-11-15 02:02:43,539 - INFO - Row 17 = [ 1.41470299e+01 -1.85103647e+01  6.02229659e-03]
2024-11-15 02:02:43,799 - INFO - Row 18 = [ 16.04484713 -20.29101151   0.03220702]
2024-11-15 02:02:44,124 - INFO - Row 19 = [ 1.51921410e+01 -1.63130089e+01  4.01081853e-03]
2024-11-15 02:02:45,591 - INFO - Row 1 after multiplying column 3: [ 1.45413912e+01 -1.63390651e+01  1.10202717e+06]
2024-11-15 02:02:45,596 - INFO - Row 2 after multiplying column 3: [ 1.67561288e+01 -1.81777299e+01  6.77658084e+06]
2024-11-15 02:02:45,600 - INFO - Row 3 after multiplying column 3: [ 1.58296049e+01 -1.66961450e+01  2.40968771e+06]
2024-11-15 02:02:45,605 - INFO - Row 4 after multiplying column 3: [ 1.62945748e+01 -1.95122652e+01  1.08979701e+07]
2024-11-15 02:02:45,609 - INFO - Row 5 after multiplying column 3: [ 1.38290939e+01 -1.96657561e+01  3.11619957e+06]
2024-11-15 02:02:45,615 - INFO - Row 6 after multiplying column 3: [ 1.41825687e+01 -2.12492304e+01  1.00690150e+07]
2024-11-15 02:02:45,619 - INFO - Row 7 after multiplying column 3: [ 1.60390773e+01 -1.77780626e+01  4.33129181e+06]
2024-11-15 02:02:45,624 - INFO - Row 8 after multiplying column 3: [ 1.71388680e+01 -1.76563389e+01  5.34769674e+06]
2024-11-15 02:02:45,628 - INFO - Row 9 after multiplying column 3: [ 1.59982508e+01 -1.93976554e+01  9.13925738e+06]
2024-11-15 02:02:45,632 - INFO - Row 10 after multiplying column 3: [ 1.79104869e+01 -1.69319279e+01  7.59621882e+06]
2024-11-15 02:02:45,636 - INFO - Row 11 after multiplying column 3: [ 1.50746697e+01 -2.09186157e+01  9.03613398e+06]
2024-11-15 02:02:45,639 - INFO - Row 12 after multiplying column 3: [ 1.51640396e+01 -1.88668603e+01  5.34769674e+06]
2024-11-15 02:02:45,641 - INFO - Row 13 after multiplying column 3: [ 1.24846392e+01 -2.33222008e+01  9.75876560e+06]
2024-11-15 02:02:45,644 - INFO - Row 14 after multiplying column 3: [ 1.56016586e+01 -1.83249906e+01  3.31836926e+06]
2024-11-15 02:02:45,648 - INFO - Row 15 after multiplying column 3: [ 1.37536177e+01 -2.13105685e+01  5.14413549e+06]
2024-11-15 02:02:45,651 - INFO - Row 16 after multiplying column 3: [ 1.45045309e+01 -1.88092583e+01  3.62188245e+06]
2024-11-15 02:02:45,653 - INFO - Row 17 after multiplying column 3: [ 1.41470299e+01 -1.85103647e+01  1.80543910e+06]
2024-11-15 02:02:45,657 - INFO - Row 18 after multiplying column 3: [ 1.60448471e+01 -2.02910115e+01  9.65542264e+06]
2024-11-15 02:02:45,659 - INFO - Row 19 after multiplying column 3: [ 1.51921410e+01 -1.63130089e+01  1.20241314e+06]
2024-11-15 02:05:00,499 - INFO - Attempting to load data from Challenge2_data.json
2024-11-15 02:05:00,501 - INFO - Data loaded successfully from JSON file.
2024-11-15 02:05:00,501 - INFO - Starting data transformation.
2024-11-15 02:05:00,501 - INFO - Data transformation completed successfully.
2024-11-15 02:05:00,502 - INFO - Row 1 = ['14.5413912376', '-16.3390650576', '0.0036759670']
2024-11-15 02:05:00,502 - INFO - Row 2 = ['16.7561287862', '-18.1777298852', '0.0226042406']
2024-11-15 02:05:00,502 - INFO - Row 3 = ['15.8296048907', '-16.6961450009', '0.0080378530']
2024-11-15 02:05:00,503 - INFO - Row 4 = ['16.2945748100', '-19.5122652012', '0.0363517153']
2024-11-15 02:05:00,503 - INFO - Row 5 = ['13.8290938934', '-19.6657561283', '0.0103945229']
2024-11-15 02:05:00,503 - INFO - Row 6 = ['14.1825687224', '-21.2492304309', '0.0335866187']
2024-11-15 02:05:00,504 - INFO - Row 7 = ['16.0390773459', '-17.7780626219', '0.0144476343']
2024-11-15 02:05:00,504 - INFO - Row 8 = ['17.1388680117', '-17.6563389499', '0.0178379962']
2024-11-15 02:05:00,504 - INFO - Row 9 = ['15.9982508033', '-19.3976554269', '0.0304852812']
2024-11-15 02:05:00,504 - INFO - Row 10 = ['17.9104868679', '-16.9319278749', '0.0253382586']
2024-11-15 02:05:00,505 - INFO - Row 11 = ['15.0746697230', '-20.9186157118', '0.0301412985']
2024-11-15 02:05:00,505 - INFO - Row 12 = ['15.1640395886', '-18.8668602813', '0.0178379962']
2024-11-15 02:05:00,505 - INFO - Row 13 = ['12.4846391875', '-23.3222008237', '0.0325517382']
2024-11-15 02:05:00,505 - INFO - Row 14 = ['15.6016586003', '-18.3249905748', '0.0110688884']
2024-11-15 02:05:00,506 - INFO - Row 15 = ['13.7536176624', '-21.3105684611', '0.0171589890']
2024-11-15 02:05:00,506 - INFO - Row 16 = ['14.5045308613', '-18.8092582971', '0.0120812994']
2024-11-15 02:05:00,506 - INFO - Row 17 = ['14.1470299113', '-18.5103646739', '0.0060222966']
2024-11-15 02:05:00,507 - INFO - Row 18 = ['16.0448471333', '-20.2910115087', '0.0322070232']
2024-11-15 02:05:00,507 - INFO - Row 19 = ['15.1921410497', '-16.3130089286', '0.0040108185']
2024-11-15 02:05:00,507 - INFO - Row 1 after multiplying column 3: ['14.5413912376', '-16.3390650576', '1102027.1746127128']
2024-11-15 02:05:00,508 - INFO - Row 2 after multiplying column 3: ['16.7561287862', '-18.1777298852', '6776580.8379415674']
2024-11-15 02:05:00,508 - INFO - Row 3 after multiplying column 3: ['15.8296048907', '-16.6961450009', '2409687.7140428680']
2024-11-15 02:05:00,508 - INFO - Row 4 after multiplying column 3: ['16.2945748100', '-19.5122652012', '10897970.0950733870']
2024-11-15 02:05:00,508 - INFO - Row 5 after multiplying column 3: ['13.8290938934', '-19.6657561283', '3116199.5739937471']
2024-11-15 02:05:00,508 - INFO - Row 6 after multiplying column 3: ['14.1825687224', '-21.2492304309', '10069014.9845212214']
2024-11-15 02:05:00,509 - INFO - Row 7 after multiplying column 3: ['16.0390773459', '-17.7780626219', '4331291.8107222533']
2024-11-15 02:05:00,509 - INFO - Row 8 after multiplying column 3: ['17.1388680117', '-17.6563389499', '5347696.7399742622']
2024-11-15 02:05:00,509 - INFO - Row 9 after multiplying column 3: ['15.9982508033', '-19.3976554269', '9139257.3758895658']
2024-11-15 02:05:00,509 - INFO - Row 10 after multiplying column 3: ['17.9104868679', '-16.9319278749', '7596218.8154892698']
2024-11-15 02:05:00,509 - INFO - Row 11 after multiplying column 3: ['15.0746697230', '-20.9186157118', '9036133.9794053268']
2024-11-15 02:05:00,509 - INFO - Row 12 after multiplying column 3: ['15.1640395886', '-18.8668602813', '5347696.7399742622']
2024-11-15 02:05:00,509 - INFO - Row 13 after multiplying column 3: ['12.4846391875', '-23.3222008237', '9758765.6016329359']
2024-11-15 02:05:00,509 - INFO - Row 14 after multiplying column 3: ['15.6016586003', '-18.3249905748', '3318369.2582983933']
2024-11-15 02:05:00,510 - INFO - Row 15 after multiplying column 3: ['13.7536176624', '-21.3105684611', '5144135.4868092267']
2024-11-15 02:05:00,510 - INFO - Row 16 after multiplying column 3: ['14.5045308613', '-18.8092582971', '3621882.4454384656']
2024-11-15 02:05:00,510 - INFO - Row 17 after multiplying column 3: ['14.1470299113', '-18.5103646739', '1805439.0967695995']
2024-11-15 02:05:00,510 - INFO - Row 18 after multiplying column 3: ['16.0448471333', '-20.2910115087', '9655422.6367340200']
2024-11-15 02:05:00,510 - INFO - Row 19 after multiplying column 3: ['15.1921410497', '-16.3130089286', '1202413.1444111264']
