2024-11-11 12:39:13,532 - INFO - Attempting to load data from Challenge2_data.json
2024-11-11 12:39:13,535 - INFO - Data loaded successfully from JSON file.
2024-11-11 12:39:13,536 - INFO - Starting data transformation.
2024-11-11 12:39:13,537 - INFO - Data transformation completed successfully.
2024-11-11 12:39:13,540 - INFO - Row 1 = [14.541391237647325, -16.339065057631082, 0.0036759669738346545]
2024-11-11 12:39:13,540 - INFO - Row 2 = [16.756128786151876, -18.177729885179346, 0.02260424055745114]
2024-11-11 12:39:13,541 - INFO - Row 3 = [15.829604890719585, -16.696145000879945, 0.008037853020448127]
2024-11-11 12:39:13,543 - INFO - Row 4 = [16.29457480995023, -19.512265201224647, 0.036351715342596735]
2024-11-11 12:39:13,545 - INFO - Row 5 = [13.829093893418786, -19.665756128261307, 0.01039452291356091]
2024-11-11 12:39:13,547 - INFO - Row 6 = [14.182568722430029, -21.24923043094372, 0.03358661872848456]
2024-11-11 12:39:13,548 - INFO - Row 7 = [16.03907734592769, -17.778062621886992, 0.014447634338827342]
2024-11-11 12:39:13,549 - INFO - Row 8 = [17.138868011663146, -17.656338949942327, 0.017837996244636223]
2024-11-11 12:39:13,552 - INFO - Row 9 = [15.998250803312972, -19.397655426925155, 0.030485281173716405]
2024-11-11 12:39:13,553 - INFO - Row 10 = [17.910486867901746, -16.93192787486793, 0.025338258561158566]
2024-11-11 12:39:13,554 - INFO - Row 11 = [15.074669722972802, -20.918615711799312, 0.030141298549296147]
2024-11-11 12:39:13,555 - INFO - Row 12 = [15.164039588647865, -18.86686028127157, 0.017837996244636223]
2024-11-11 12:39:13,556 - INFO - Row 13 = [12.484639187522449, -23.32220082365243, 0.0325517381815954]
2024-11-11 12:39:13,558 - INFO - Row 14 = [15.60165860026537, -18.32499057478847, 0.011068888391776666]
2024-11-11 12:39:13,560 - INFO - Row 15 = [13.753617662388354, -21.310568461137503, 0.01715898899234225]
2024-11-11 12:39:13,561 - INFO - Row 16 = [14.50453086130131, -18.80925829710656, 0.01208129940826752]
2024-11-11 12:39:13,561 - INFO - Row 17 = [14.147029911292748, -18.51036467391853, 0.006022296587493203]
2024-11-11 12:39:13,562 - INFO - Row 18 = [16.04484713334022, -20.29101150867485, 0.03220702315577939]
2024-11-11 12:39:13,563 - INFO - Row 19 = [15.192141049675008, -16.313008928644898, 0.004010818525698623]
