2024-11-26 15:59:32,825 - INFO - Reading data from JSON file: Challenge2_data.json
2024-11-26 15:59:32,826 - INFO - Data successfully read from JSON file
2024-11-26 15:59:32,826 - INFO - Setting up data arrays
2024-11-26 15:59:32,927 - INFO - Initial guess for H0 and A_V: [67, 0.1]
2024-11-26 15:59:32,927 - INFO - Starting minimization process
2024-11-26 15:59:32,928 - INFO - Calculating total error with params: [67.   0.1]
2024-11-26 15:59:33,066 - INFO - Total error calculated: 61130.27598484443
2024-11-26 15:59:33,067 - INFO - Calculating total error with params: [67.   0.1]
2024-11-26 15:59:33,069 - INFO - Total error calculated: 61130.27598484443
2024-11-26 15:59:33,070 - INFO - Calculating total error with params: [68.   0.1]
2024-11-26 15:59:33,070 - INFO - Total error calculated: 61178.071535025505
2024-11-26 15:59:33,070 - INFO - Calculating total error with params: [65.381966  0.1     ]
2024-11-26 15:59:33,071 - INFO - Total error calculated: 61050.75973857836
2024-11-26 15:59:33,071 - INFO - Calculating total error with params: [62.76393197  0.1       ]
2024-11-26 15:59:33,071 - INFO - Total error calculated: 60916.08308476527
2024-11-26 15:59:33,072 - INFO - Calculating total error with params: [58.52786391  0.1       ]
2024-11-26 15:59:33,072 - INFO - Total error calculated: 60680.97427089061
2024-11-26 15:59:33,072 - INFO - Calculating total error with params: [51.67376175  0.1       ]
2024-11-26 15:59:33,073 - INFO - Total error calculated: 60248.13054871214
2024-11-26 15:59:33,073 - INFO - Calculating total error with params: [40.58359142  0.1       ]
2024-11-26 15:59:33,073 - INFO - Total error calculated: 59366.16223009688
2024-11-26 15:59:33,074 - INFO - Calculating total error with params: [22.63931876  0.1       ]
2024-11-26 15:59:33,074 - INFO - Total error calculated: 57077.68879991075
2024-11-26 15:59:33,075 - INFO - Calculating total error with params: [-6.3951245  0.1      ]
2024-11-26 15:59:33,075 - INFO - Total error calculated: nan
2024-11-26 15:59:33,076 - INFO - Calculating total error with params: [nan nan]
2024-11-26 15:59:33,077 - INFO - Total error calculated: nan
2024-11-26 15:59:33,077 - INFO - Calculating total error with params: [nan nan]
2024-11-26 15:59:33,078 - INFO - Total error calculated: nan
2024-11-26 15:59:33,078 - INFO - Calculating total error with params: [nan nan]
2024-11-26 15:59:33,078 - INFO - Total error calculated: nan
2024-11-26 15:59:33,079 - INFO - Calculating total error with params: [nan nan]
2024-11-26 15:59:33,079 - INFO - Total error calculated: nan
2024-11-26 15:59:33,079 - INFO - Calculating total error with params: [nan nan]
2024-11-26 15:59:33,080 - INFO - Total error calculated: nan
2024-11-26 15:59:33,081 - INFO - Calculating total error with params: [nan nan]
2024-11-26 15:59:33,081 - INFO - Total error calculated: nan
2024-11-26 15:59:33,082 - INFO - Calculating total error with params: [nan nan]
2024-11-26 15:59:33,083 - INFO - Total error calculated: nan
2024-11-26 15:59:33,083 - INFO - Calculating total error with params: [nan nan]
2024-11-26 15:59:33,084 - INFO - Total error calculated: nan
2024-11-26 15:59:33,085 - INFO - Calculating total error with params: [nan nan]
2024-11-26 15:59:33,085 - INFO - Total error calculated: nan
2024-11-26 15:59:33,086 - INFO - Calculating total error with params: [nan nan]
2024-11-26 15:59:33,087 - INFO - Total error calculated: nan
2024-11-26 15:59:33,087 - INFO - Minimization process completed
2024-11-26 15:59:33,087 - INFO - ie_calc: [67, 0.1]
2024-11-26 15:59:33,088 - INFO - Total error calculated: 61130.27598484443
2024-11-26 15:59:33,088 - INFO - Estimated H0: nan km/s/Mpc
2024-11-26 15:59:33,088 - INFO - Estimated A_V: nan
