2024-11-26 15:59:54,631 - INFO - Reading data from JSON file: Challenge2_data.json
2024-11-26 15:59:54,632 - INFO - Data successfully read from JSON file
2024-11-26 15:59:54,633 - INFO - Setting up data arrays
2024-11-26 15:59:54,755 - INFO - Initial guess for H0 and A_V: [67, 0.1]
2024-11-26 15:59:54,755 - INFO - Starting minimization process
2024-11-26 15:59:54,755 - INFO - Calculating total error with params: [67.   0.1]
2024-11-26 15:59:57,573 - INFO - Total error calculated: 61130.27598484443
2024-11-26 15:59:57,573 - INFO - Calculating total error with params: [67.   0.1]
2024-11-26 15:59:57,574 - INFO - Total error calculated: 61130.27598484443
2024-11-26 15:59:57,574 - INFO - Calculating total error with params: [68.   0.1]
2024-11-26 15:59:57,575 - INFO - Total error calculated: 61178.071535025505
2024-11-26 15:59:57,575 - INFO - Calculating total error with params: [65.381966  0.1     ]
2024-11-26 15:59:57,576 - INFO - Total error calculated: 61050.75973857836
2024-11-26 15:59:57,576 - INFO - Calculating total error with params: [62.76393197  0.1       ]
2024-11-26 15:59:57,577 - INFO - Total error calculated: 60916.08308476527
2024-11-26 15:59:57,578 - INFO - Calculating total error with params: [58.52786391  0.1       ]
2024-11-26 15:59:57,580 - INFO - Total error calculated: 60680.97427089061
2024-11-26 15:59:57,580 - INFO - Calculating total error with params: [51.67376175  0.1       ]
2024-11-26 15:59:57,581 - INFO - Total error calculated: 60248.13054871214
2024-11-26 15:59:57,581 - INFO - Calculating total error with params: [40.58359142  0.1       ]
2024-11-26 15:59:57,581 - INFO - Total error calculated: 59366.16223009688
2024-11-26 15:59:57,581 - INFO - Calculating total error with params: [22.63931876  0.1       ]
2024-11-26 15:59:57,582 - INFO - Total error calculated: 57077.68879991075
2024-11-26 15:59:57,582 - INFO - Calculating total error with params: [-6.3951245  0.1      ]
2024-11-26 15:59:57,582 - INFO - Total error calculated: nan
2024-11-26 15:59:57,583 - INFO - Calculating total error with params: [nan nan]
2024-11-26 15:59:57,583 - INFO - Total error calculated: nan
2024-11-26 15:59:57,583 - INFO - Calculating total error with params: [nan nan]
2024-11-26 15:59:57,584 - INFO - Total error calculated: nan
2024-11-26 15:59:57,584 - INFO - Calculating total error with params: [nan nan]
2024-11-26 15:59:57,585 - INFO - Total error calculated: nan
2024-11-26 15:59:57,585 - INFO - Calculating total error with params: [nan nan]
2024-11-26 15:59:57,585 - INFO - Total error calculated: nan
2024-11-26 15:59:57,586 - INFO - Calculating total error with params: [nan nan]
2024-11-26 15:59:57,586 - INFO - Total error calculated: nan
2024-11-26 15:59:57,586 - INFO - Calculating total error with params: [nan nan]
2024-11-26 15:59:57,587 - INFO - Total error calculated: nan
2024-11-26 15:59:57,587 - INFO - Calculating total error with params: [nan nan]
2024-11-26 15:59:57,587 - INFO - Total error calculated: nan
2024-11-26 15:59:57,587 - INFO - Calculating total error with params: [nan nan]
2024-11-26 15:59:57,588 - INFO - Total error calculated: nan
2024-11-26 15:59:57,588 - INFO - Calculating total error with params: [nan nan]
2024-11-26 15:59:57,589 - INFO - Total error calculated: nan
2024-11-26 15:59:57,590 - INFO - Calculating total error with params: [nan nan]
2024-11-26 15:59:57,590 - INFO - Total error calculated: nan
2024-11-26 15:59:57,591 - INFO - Minimization process completed
2024-11-26 15:59:57,591 - INFO - ie_calc: [67, 0.1]
2024-11-26 15:59:57,592 - INFO - Total error calculated: 61130.27598484443
2024-11-26 15:59:57,592 - INFO - Estimated H0: nan km/s/Mpc
2024-11-26 15:59:57,592 - INFO - Estimated A_V: nan
