2024-11-26 15:47:42,907 - INFO - Reading data from JSON file: Challenge2_data.json
2024-11-26 15:47:42,916 - INFO - Data successfully read from JSON file
2024-11-26 15:47:42,916 - INFO - Setting up data arrays
2024-11-26 15:47:43,037 - INFO - Initial guess for H0 and A_V: [70, 0.1]
2024-11-26 15:47:43,037 - INFO - Starting minimization process
2024-11-26 15:47:43,039 - INFO - Calculating total error with params: [70.   0.1]
2024-11-26 15:47:43,774 - INFO - Total error calculated: 61270.70741028452
2024-11-26 15:47:43,778 - INFO - Calculating total error with params: [70.   0.1]
2024-11-26 15:47:43,781 - INFO - Total error calculated: 61270.70741028452
2024-11-26 15:47:43,782 - INFO - Calculating total error with params: [71.   0.1]
2024-11-26 15:47:43,784 - INFO - Total error calculated: 61315.60256963527
2024-11-26 15:47:43,785 - INFO - Calculating total error with params: [68.381966  0.1     ]
2024-11-26 15:47:43,787 - INFO - Total error calculated: 61196.063804328136
2024-11-26 15:47:43,788 - INFO - Calculating total error with params: [65.76393197  0.1       ]
2024-11-26 15:47:43,791 - INFO - Total error calculated: 61069.77947825426
2024-11-26 15:47:43,792 - INFO - Calculating total error with params: [61.52786391  0.1       ]
2024-11-26 15:47:43,793 - INFO - Total error calculated: 60849.765135395144
2024-11-26 15:47:43,794 - INFO - Calculating total error with params: [54.67376175  0.1       ]
2024-11-26 15:47:43,796 - INFO - Total error calculated: 60446.318123586636
2024-11-26 15:47:43,797 - INFO - Calculating total error with params: [43.58359142  0.1       ]
2024-11-26 15:47:43,799 - INFO - Total error calculated: 59631.67453487168
2024-11-26 15:47:43,800 - INFO - Calculating total error with params: [25.63931876  0.1       ]
2024-11-26 15:47:43,803 - INFO - Total error calculated: 57579.08664673702
2024-11-26 15:47:43,804 - INFO - Calculating total error with params: [-3.3951245  0.1      ]
2024-11-26 15:47:43,806 - INFO - Total error calculated: nan
2024-11-26 15:47:43,808 - INFO - Calculating total error with params: [nan nan]
2024-11-26 15:47:43,810 - INFO - Total error calculated: nan
2024-11-26 15:47:43,810 - INFO - Calculating total error with params: [nan nan]
2024-11-26 15:47:43,812 - INFO - Total error calculated: nan
2024-11-26 15:47:43,812 - INFO - Calculating total error with params: [nan nan]
2024-11-26 15:47:43,813 - INFO - Total error calculated: nan
2024-11-26 15:47:43,814 - INFO - Calculating total error with params: [nan nan]
2024-11-26 15:47:43,815 - INFO - Total error calculated: nan
2024-11-26 15:47:43,815 - INFO - Calculating total error with params: [nan nan]
2024-11-26 15:47:43,816 - INFO - Total error calculated: nan
2024-11-26 15:47:43,816 - INFO - Calculating total error with params: [nan nan]
2024-11-26 15:47:43,817 - INFO - Total error calculated: nan
2024-11-26 15:47:43,817 - INFO - Calculating total error with params: [nan nan]
2024-11-26 15:47:43,818 - INFO - Total error calculated: nan
2024-11-26 15:47:43,819 - INFO - Calculating total error with params: [nan nan]
2024-11-26 15:47:43,820 - INFO - Total error calculated: nan
2024-11-26 15:47:43,820 - INFO - Calculating total error with params: [nan nan]
2024-11-26 15:47:43,820 - INFO - Total error calculated: nan
2024-11-26 15:47:43,820 - INFO - Calculating total error with params: [nan nan]
2024-11-26 15:47:43,821 - INFO - Total error calculated: nan
2024-11-26 15:47:43,821 - INFO - Minimization process completed
2024-11-26 15:47:43,821 - INFO - Estimated H0: nan km/s/Mpc
2024-11-26 15:47:43,821 - INFO - Estimated A_V: nan
