2024-11-13 22:30:47,710 - INFO - Attempting to load data from Challenge2_data.json
2024-11-13 22:30:47,713 - INFO - Data loaded successfully from JSON file.
2024-11-13 22:30:47,713 - INFO - Starting data transformation.
2024-11-13 22:30:47,713 - INFO - Data transformation completed successfully.
2024-11-13 22:30:47,714 - INFO - Row 1 = [14.541391237647325, -16.339065057631082, 0.0036759669738346545]
2024-11-13 22:30:47,714 - INFO - Row 2 = [16.756128786151876, -18.177729885179346, 0.02260424055745114]
2024-11-13 22:30:47,714 - INFO - Row 3 = [15.829604890719585, -16.696145000879945, 0.008037853020448127]
2024-11-13 22:30:47,715 - INFO - Row 4 = [16.29457480995023, -19.512265201224647, 0.036351715342596735]
2024-11-13 22:30:47,715 - INFO - Row 5 = [13.829093893418786, -19.665756128261307, 0.01039452291356091]
2024-11-13 22:30:47,715 - INFO - Row 6 = [14.182568722430029, -21.24923043094372, 0.03358661872848456]
2024-11-13 22:30:47,717 - INFO - Row 7 = [16.03907734592769, -17.778062621886992, 0.014447634338827342]
2024-11-13 22:30:47,717 - INFO - Row 8 = [17.138868011663146, -17.656338949942327, 0.017837996244636223]
2024-11-13 22:30:47,718 - INFO - Row 9 = [15.998250803312972, -19.397655426925155, 0.030485281173716405]
2024-11-13 22:30:47,719 - INFO - Row 10 = [17.910486867901746, -16.93192787486793, 0.025338258561158566]
2024-11-13 22:30:47,719 - INFO - Row 11 = [15.074669722972802, -20.918615711799312, 0.030141298549296147]
2024-11-13 22:30:47,719 - INFO - Row 12 = [15.164039588647865, -18.86686028127157, 0.017837996244636223]
2024-11-13 22:30:47,720 - INFO - Row 13 = [12.484639187522449, -23.32220082365243, 0.0325517381815954]
2024-11-13 22:30:47,720 - INFO - Row 14 = [15.60165860026537, -18.32499057478847, 0.011068888391776666]
2024-11-13 22:30:47,720 - INFO - Row 15 = [13.753617662388354, -21.310568461137503, 0.01715898899234225]
2024-11-13 22:30:47,721 - INFO - Row 16 = [14.50453086130131, -18.80925829710656, 0.01208129940826752]
2024-11-13 22:30:47,721 - INFO - Row 17 = [14.147029911292748, -18.51036467391853, 0.006022296587493203]
2024-11-13 22:30:47,722 - INFO - Row 18 = [16.04484713334022, -20.29101150867485, 0.03220702315577939]
2024-11-13 22:30:47,722 - INFO - Row 19 = [15.192141049675008, -16.313008928644898, 0.004010818525698623]
2024-11-13 22:30:51,969 - ERROR - Input 'data' is None
2024-11-13 22:32:57,907 - INFO - Attempting to load data from Challenge2_data.json
2024-11-13 22:32:57,909 - INFO - Data loaded successfully from JSON file.
2024-11-13 22:32:57,909 - INFO - Starting data transformation.
2024-11-13 22:32:57,910 - INFO - Data transformation completed successfully.
2024-11-13 22:32:57,910 - INFO - Row 1 = [14.541391237647325, -16.339065057631082, 0.0036759669738346545]
2024-11-13 22:32:57,910 - INFO - Row 2 = [16.756128786151876, -18.177729885179346, 0.02260424055745114]
2024-11-13 22:32:57,910 - INFO - Row 3 = [15.829604890719585, -16.696145000879945, 0.008037853020448127]
2024-11-13 22:32:57,911 - INFO - Row 4 = [16.29457480995023, -19.512265201224647, 0.036351715342596735]
2024-11-13 22:32:57,911 - INFO - Row 5 = [13.829093893418786, -19.665756128261307, 0.01039452291356091]
2024-11-13 22:32:57,911 - INFO - Row 6 = [14.182568722430029, -21.24923043094372, 0.03358661872848456]
2024-11-13 22:32:57,911 - INFO - Row 7 = [16.03907734592769, -17.778062621886992, 0.014447634338827342]
2024-11-13 22:32:57,912 - INFO - Row 8 = [17.138868011663146, -17.656338949942327, 0.017837996244636223]
2024-11-13 22:32:57,912 - INFO - Row 9 = [15.998250803312972, -19.397655426925155, 0.030485281173716405]
2024-11-13 22:32:57,912 - INFO - Row 10 = [17.910486867901746, -16.93192787486793, 0.025338258561158566]
2024-11-13 22:32:57,912 - INFO - Row 11 = [15.074669722972802, -20.918615711799312, 0.030141298549296147]
2024-11-13 22:32:57,913 - INFO - Row 12 = [15.164039588647865, -18.86686028127157, 0.017837996244636223]
2024-11-13 22:32:57,914 - INFO - Row 13 = [12.484639187522449, -23.32220082365243, 0.0325517381815954]
2024-11-13 22:32:57,914 - INFO - Row 14 = [15.60165860026537, -18.32499057478847, 0.011068888391776666]
2024-11-13 22:32:57,914 - INFO - Row 15 = [13.753617662388354, -21.310568461137503, 0.01715898899234225]
2024-11-13 22:32:57,915 - INFO - Row 16 = [14.50453086130131, -18.80925829710656, 0.01208129940826752]
2024-11-13 22:32:57,916 - INFO - Row 17 = [14.147029911292748, -18.51036467391853, 0.006022296587493203]
2024-11-13 22:32:57,916 - INFO - Row 18 = [16.04484713334022, -20.29101150867485, 0.03220702315577939]
2024-11-13 22:32:57,917 - INFO - Row 19 = [15.192141049675008, -16.313008928644898, 0.004010818525698623]
2024-11-13 22:33:08,481 - INFO - Row 3 after multiplication: [4745596159.357646, -5005378348.9382105, 2409687.714042868]
2024-11-13 22:35:06,139 - INFO - Attempting to load data from Challenge2_data.json
2024-11-13 22:35:06,142 - INFO - Data loaded successfully from JSON file.
2024-11-13 22:35:06,142 - INFO - Starting data transformation.
2024-11-13 22:35:06,142 - INFO - Data transformation completed successfully.
2024-11-13 22:35:06,143 - INFO - Row 1 = [14.541391237647325, -16.339065057631082, 0.0036759669738346545]
2024-11-13 22:35:06,143 - INFO - Row 2 = [16.756128786151876, -18.177729885179346, 0.02260424055745114]
2024-11-13 22:35:06,143 - INFO - Row 3 = [15.829604890719585, -16.696145000879945, 0.008037853020448127]
2024-11-13 22:35:06,144 - INFO - Row 4 = [16.29457480995023, -19.512265201224647, 0.036351715342596735]
2024-11-13 22:35:06,144 - INFO - Row 5 = [13.829093893418786, -19.665756128261307, 0.01039452291356091]
2024-11-13 22:35:06,144 - INFO - Row 6 = [14.182568722430029, -21.24923043094372, 0.03358661872848456]
2024-11-13 22:35:06,144 - INFO - Row 7 = [16.03907734592769, -17.778062621886992, 0.014447634338827342]
2024-11-13 22:35:06,145 - INFO - Row 8 = [17.138868011663146, -17.656338949942327, 0.017837996244636223]
2024-11-13 22:35:06,145 - INFO - Row 9 = [15.998250803312972, -19.397655426925155, 0.030485281173716405]
2024-11-13 22:35:06,145 - INFO - Row 10 = [17.910486867901746, -16.93192787486793, 0.025338258561158566]
2024-11-13 22:35:06,146 - INFO - Row 11 = [15.074669722972802, -20.918615711799312, 0.030141298549296147]
2024-11-13 22:35:06,146 - INFO - Row 12 = [15.164039588647865, -18.86686028127157, 0.017837996244636223]
2024-11-13 22:35:06,146 - INFO - Row 13 = [12.484639187522449, -23.32220082365243, 0.0325517381815954]
2024-11-13 22:35:06,146 - INFO - Row 14 = [15.60165860026537, -18.32499057478847, 0.011068888391776666]
2024-11-13 22:35:06,146 - INFO - Row 15 = [13.753617662388354, -21.310568461137503, 0.01715898899234225]
2024-11-13 22:35:06,146 - INFO - Row 16 = [14.50453086130131, -18.80925829710656, 0.01208129940826752]
2024-11-13 22:35:06,146 - INFO - Row 17 = [14.147029911292748, -18.51036467391853, 0.006022296587493203]
2024-11-13 22:35:06,146 - INFO - Row 18 = [16.04484713334022, -20.29101150867485, 0.03220702315577939]
2024-11-13 22:35:06,147 - INFO - Row 19 = [15.192141049675008, -16.313008928644898, 0.004010818525698623]
2024-11-13 22:35:07,268 - INFO - Row 1 after multiplying column 3: [14.541391237647325, -16.339065057631082, 1102027.1746127128]
2024-11-13 22:35:07,269 - INFO - Row 2 after multiplying column 3: [16.756128786151876, -18.177729885179346, 6776580.837941567]
2024-11-13 22:35:07,270 - INFO - Row 3 after multiplying column 3: [15.829604890719585, -16.696145000879945, 2409687.714042868]
2024-11-13 22:35:07,271 - INFO - Row 4 after multiplying column 3: [16.29457480995023, -19.512265201224647, 10897970.095073387]
2024-11-13 22:35:07,272 - INFO - Row 5 after multiplying column 3: [13.829093893418786, -19.665756128261307, 3116199.573993747]
2024-11-13 22:35:07,273 - INFO - Row 6 after multiplying column 3: [14.182568722430029, -21.24923043094372, 10069014.984521221]
2024-11-13 22:35:07,274 - INFO - Row 7 after multiplying column 3: [16.03907734592769, -17.778062621886992, 4331291.810722253]
2024-11-13 22:35:07,274 - INFO - Row 8 after multiplying column 3: [17.138868011663146, -17.656338949942327, 5347696.739974262]
2024-11-13 22:35:07,275 - INFO - Row 9 after multiplying column 3: [15.998250803312972, -19.397655426925155, 9139257.375889566]
2024-11-13 22:35:07,275 - INFO - Row 10 after multiplying column 3: [17.910486867901746, -16.93192787486793, 7596218.81548927]
2024-11-13 22:35:07,276 - INFO - Row 11 after multiplying column 3: [15.074669722972802, -20.918615711799312, 9036133.979405327]
2024-11-13 22:35:07,276 - INFO - Row 12 after multiplying column 3: [15.164039588647865, -18.86686028127157, 5347696.739974262]
2024-11-13 22:35:07,277 - INFO - Row 13 after multiplying column 3: [12.484639187522449, -23.32220082365243, 9758765.601632936]
2024-11-13 22:35:07,277 - INFO - Row 14 after multiplying column 3: [15.60165860026537, -18.32499057478847, 3318369.2582983933]
2024-11-13 22:35:07,278 - INFO - Row 15 after multiplying column 3: [13.753617662388354, -21.310568461137503, 5144135.486809227]
2024-11-13 22:35:07,278 - INFO - Row 16 after multiplying column 3: [14.50453086130131, -18.80925829710656, 3621882.4454384656]
2024-11-13 22:35:07,279 - INFO - Row 17 after multiplying column 3: [14.147029911292748, -18.51036467391853, 1805439.0967695995]
2024-11-13 22:35:07,279 - INFO - Row 18 after multiplying column 3: [16.04484713334022, -20.29101150867485, 9655422.63673402]
2024-11-13 22:35:07,280 - INFO - Row 19 after multiplying column 3: [15.192141049675008, -16.313008928644898, 1202413.1444111264]
