2024-11-18 03:50:20,382 - INFO - Attempting to load data from Challenge2_data.json
2024-11-18 03:50:20,393 - INFO - Data loaded successfully from JSON file.
2024-11-18 03:50:20,393 - INFO - Starting data transformation.
2024-11-18 03:50:20,394 - INFO - Data transformation completed successfully.
2024-11-18 03:50:20,394 - INFO - Transformed data: [[14.5413912376 -16.3390650576 0.0036759670]
 [16.7561287862 -18.1777298852 0.0226042406]
 [15.8296048907 -16.6961450009 0.0080378530]
 [16.2945748100 -19.5122652012 0.0363517153]
 [13.8290938934 -19.6657561283 0.0103945229]
 [14.1825687224 -21.2492304309 0.0335866187]
 [16.0390773459 -17.7780626219 0.0144476343]
 [17.1388680117 -17.6563389499 0.0178379962]
 [15.9982508033 -19.3976554269 0.0304852812]
 [17.9104868679 -16.9319278749 0.0253382586]
 [15.0746697230 -20.9186157118 0.0301412985]
 [15.1640395886 -18.8668602813 0.0178379962]
 [12.4846391875 -23.3222008237 0.0325517382]
 [15.6016586003 -18.3249905748 0.0110688884]
 [13.7536176624 -21.3105684611 0.0171589890]
 [14.5045308613 -18.8092582971 0.0120812994]
 [14.1470299113 -18.5103646739 0.0060222966]
 [16.0448471333 -20.2910115087 0.0322070232]
 [15.1921410497 -16.3130089286 0.0040108185]]
2024-11-18 03:50:20,396 - INFO - Calculated result for column 3: [1100001.6804985164 6700010.2357634790 2400003.6665421310
 10700016.3466670346 3100004.7359502353 9900015.1244862638
 4300006.5692213280 5300008.0969471708 9000013.7495330516
 7500011.4579441510 8900013.5967604611 5300008.0969471708
 9600014.6661685538 3300005.0414954498 5100007.7914020633
 3600005.4998131767 1800002.7499066393 9500014.5133959278
 1200001.8332710539]
2024-11-18 03:50:20,401 - INFO - Calculated velocity for columns 1, 2: [15.0000000000 97.0000000000 32.0000000000 145.0000000000 50.0000000000
 122.0000000000 58.0000000000 91.0000000000 120.0000000000 93.0000000000
 158.0000000000 64.0000000000 145.0000000000 61.0000000000 103.0000000000
 46.0000000000 34.0000000000 185.0000000000 20.0000000000]
