2024-11-21 19:48:46,530 - INFO - Reading data from JSON file: Challenge2_data.json
2024-11-21 19:48:46,538 - INFO - Data successfully read from JSON file
2024-11-21 19:48:46,538 - INFO - Setting up data arrays
2024-11-21 19:48:46,818 - INFO - Initial guess for H0 and A_V: [70, 0.1]
2024-11-21 19:48:46,818 - INFO - Starting minimization process
2024-11-21 19:48:46,826 - INFO - Calculating total error with params: [70.   0.1]
2024-11-21 19:48:49,164 - INFO - Total error calculated: 61270.70741028452
2024-11-21 19:48:49,165 - INFO - Calculating total error with params: [70.   0.1]
2024-11-21 19:48:49,165 - INFO - Total error calculated: 61270.70741028452
2024-11-21 19:48:49,166 - INFO - Calculating total error with params: [71.   0.1]
2024-11-21 19:48:49,167 - INFO - Total error calculated: 61315.60256963527
2024-11-21 19:48:49,167 - INFO - Calculating total error with params: [68.381966  0.1     ]
2024-11-21 19:48:49,168 - INFO - Total error calculated: 61196.063804328136
2024-11-21 19:48:49,169 - INFO - Calculating total error with params: [65.76393197  0.1       ]
2024-11-21 19:48:49,169 - INFO - Total error calculated: 61069.77947825426
2024-11-21 19:48:49,169 - INFO - Calculating total error with params: [61.52786391  0.1       ]
2024-11-21 19:48:49,171 - INFO - Total error calculated: 60849.765135395144
2024-11-21 19:48:49,171 - INFO - Calculating total error with params: [54.67376175  0.1       ]
2024-11-21 19:48:49,172 - INFO - Total error calculated: 60446.318123586636
2024-11-21 19:48:49,172 - INFO - Calculating total error with params: [43.58359142  0.1       ]
2024-11-21 19:48:49,172 - INFO - Total error calculated: 59631.67453487168
2024-11-21 19:48:49,172 - INFO - Calculating total error with params: [25.63931876  0.1       ]
2024-11-21 19:48:49,173 - INFO - Total error calculated: 57579.08664673702
2024-11-21 19:48:49,173 - INFO - Calculating total error with params: [-3.3951245  0.1      ]
2024-11-21 19:48:49,173 - INFO - Total error calculated: nan
2024-11-21 19:48:49,174 - INFO - Calculating total error with params: [nan nan]
2024-11-21 19:48:49,174 - INFO - Total error calculated: nan
2024-11-21 19:48:49,175 - INFO - Calculating total error with params: [nan nan]
2024-11-21 19:48:49,176 - INFO - Total error calculated: nan
2024-11-21 19:48:49,176 - INFO - Calculating total error with params: [nan nan]
2024-11-21 19:48:49,177 - INFO - Total error calculated: nan
2024-11-21 19:48:49,177 - INFO - Calculating total error with params: [nan nan]
2024-11-21 19:48:49,178 - INFO - Total error calculated: nan
2024-11-21 19:48:49,178 - INFO - Calculating total error with params: [nan nan]
2024-11-21 19:48:49,178 - INFO - Total error calculated: nan
2024-11-21 19:48:49,178 - INFO - Calculating total error with params: [nan nan]
2024-11-21 19:48:49,179 - INFO - Total error calculated: nan
2024-11-21 19:48:49,179 - INFO - Calculating total error with params: [nan nan]
2024-11-21 19:48:49,179 - INFO - Total error calculated: nan
2024-11-21 19:48:49,180 - INFO - Calculating total error with params: [nan nan]
2024-11-21 19:48:49,180 - INFO - Total error calculated: nan
2024-11-21 19:48:49,180 - INFO - Calculating total error with params: [nan nan]
2024-11-21 19:48:49,181 - INFO - Total error calculated: nan
2024-11-21 19:48:49,181 - INFO - Calculating total error with params: [nan nan]
2024-11-21 19:48:49,182 - INFO - Total error calculated: nan
2024-11-21 19:48:49,182 - INFO - Minimization process completed
2024-11-21 19:48:49,182 - INFO - Estimated H0: nan km/s/Mpc
2024-11-21 19:48:49,183 - INFO - Estimated A_V: nan
